<?xml version="1.0" encoding="UTF-8"?>
<testsuite xmlns:xsi="http://www.w3.org/2001/XMLSchema-instance" xsi:noNamespaceSchemaLocation="https://maven.apache.org/surefire/maven-surefire-plugin/xsd/surefire-test-report.xsd" name="com.mycompany.poe.MessageTest" time="0" tests="10" errors="0" skipped="0" failures="0">
  <properties>
[...]
</properties>
  <testcase name="testRecipientCellFailure" classname="com.mycompany.poe.MessageTest" time="0"/>
  <testcase name="testReturnTotalMessages" classname="com.mycompany.poe.MessageTest" time="0"/>
  <testcase name="testMessageIDGeneration" classname="com.mycompany.poe.MessageTest" time="0"/>
  <testcase name="testStoreMessage" classname="com.mycompany.poe.MessageTest" time="0"/>
  <testcase name="testSendMessage" classname="com.mycompany.poe.MessageTest" time="0"/>
  <testcase name="testDisregardMessage" classname="com.mycompany.poe.MessageTest" time="0"/>
  <testcase name="testMessageLengthSuccess" classname="com.mycompany.poe.MessageTest" time="0"/>
  <testcase name="testMessageLengthFailure" classname="com.mycompany.poe.MessageTest" time="0"/>
  <testcase name="testRecipientCellSuccess" classname="com.mycompany.poe.MessageTest" time="0"/>
  <testcase name="testCreateMessageHash" classname="com.mycompany.poe.MessageTest" time="0"/>
</testsuite>