<?xml version="1.0" encoding="UTF-8"?>
<testsuite xmlns:xsi="http://www.w3.org/2001/XMLSchema-instance" xsi:noNamespaceSchemaLocation="https://maven.apache.org/surefire/maven-surefire-plugin/xsd/surefire-test-report.xsd" name="com.mycompany.poe.LoginTest" time="0.055" tests="9" errors="0" skipped="0" failures="0">
  <properties>
[...]
</properties>
  <testcase name="testValidPassword" classname="com.mycompany.poe.LoginTest" time="0.006"/>
  <testcase name="testInvalidCellNumber" classname="com.mycompany.poe.LoginTest" time="0"/>
  <testcase name="testInvalidUsername" classname="com.mycompany.poe.LoginTest" time="0"/>
  <testcase name="testSuccessfulRegistration" classname="com.mycompany.poe.LoginTest" time="0"/>
  <testcase name="testFailedLogin" classname="com.mycompany.poe.LoginTest" time="0.001"/>
  <testcase name="testInvalidPassword" classname="com.mycompany.poe.LoginTest" time="0"/>
  <testcase name="testValidCellNumber" classname="com.mycompany.poe.LoginTest" time="0"/>
  <testcase name="testSuccessfulLogin" classname="com.mycompany.poe.LoginTest" time="0.001"/>
  <testcase name="testValidUsername" classname="com.mycompany.poe.LoginTest" time="0"/>
</testsuite>